mode: set
github.com/GrammaTonic/experia-v10-exporter/cmd/experia-v10-exporter/main.go:18.62,21.16 3 1
github.com/GrammaTonic/experia-v10-exporter/cmd/experia-v10-exporter/main.go:21.16,23.3 1 1
github.com/GrammaTonic/experia-v10-exporter/cmd/experia-v10-exporter/main.go:24.2,25.15 2 1
github.com/GrammaTonic/experia-v10-exporter/cmd/experia-v10-exporter/main.go:25.15,27.3 1 1
github.com/GrammaTonic/experia-v10-exporter/cmd/experia-v10-exporter/main.go:28.2,32.49 4 1
github.com/GrammaTonic/experia-v10-exporter/cmd/experia-v10-exporter/main.go:32.49,34.3 1 1
github.com/GrammaTonic/experia-v10-exporter/cmd/experia-v10-exporter/main.go:36.2,39.29 3 1
github.com/GrammaTonic/experia-v10-exporter/cmd/experia-v10-exporter/main.go:42.13,43.34 1 1
github.com/GrammaTonic/experia-v10-exporter/cmd/experia-v10-exporter/main.go:43.34,46.3 2 1
github.com/GrammaTonic/experia-v10-exporter/cmd/experia-v10-exporter/main.go:50.22,52.16 2 1
github.com/GrammaTonic/experia-v10-exporter/cmd/experia-v10-exporter/main.go:52.16,54.3 1 1
github.com/GrammaTonic/experia-v10-exporter/cmd/experia-v10-exporter/main.go:55.2,56.56 2 1
github.com/GrammaTonic/experia-v10-exporter/cmd/experia-v10-exporter/main.go:56.56,58.3 1 1
github.com/GrammaTonic/experia-v10-exporter/cmd/experia-v10-exporter/main.go:59.2,59.12 1 1
github.com/GrammaTonic/experia-v10-exporter/cmd/experia-v10-exporter/main.go:66.35,67.16 1 1
github.com/GrammaTonic/experia-v10-exporter/cmd/experia-v10-exporter/main.go:67.16,69.48 1 1
github.com/GrammaTonic/experia-v10-exporter/cmd/experia-v10-exporter/main.go:69.48,72.4 2 1
github.com/GrammaTonic/experia-v10-exporter/cmd/experia-v10-exporter/main.go:73.3,73.17 1 0
github.com/GrammaTonic/experia-v10-exporter/internal/collector/auth.go:11.70,23.16 4 1
github.com/GrammaTonic/experia-v10-exporter/internal/collector/auth.go:23.16,25.3 1 1
github.com/GrammaTonic/experia-v10-exporter/internal/collector/auth.go:26.2,27.16 2 1
github.com/GrammaTonic/experia-v10-exporter/internal/collector/auth.go:27.16,29.3 1 1
github.com/GrammaTonic/experia-v10-exporter/internal/collector/auth.go:30.2,37.16 7 1
github.com/GrammaTonic/experia-v10-exporter/internal/collector/auth.go:37.16,39.3 1 1
github.com/GrammaTonic/experia-v10-exporter/internal/collector/auth.go:40.2,44.25 2 1
github.com/GrammaTonic/experia-v10-exporter/internal/collector/auth.go:44.25,46.35 2 1
github.com/GrammaTonic/experia-v10-exporter/internal/collector/auth.go:46.35,48.4 1 1
github.com/GrammaTonic/experia-v10-exporter/internal/collector/auth.go:48.9,50.4 1 0
github.com/GrammaTonic/experia-v10-exporter/internal/collector/auth.go:51.3,51.45 1 1
github.com/GrammaTonic/experia-v10-exporter/internal/collector/auth.go:53.2,54.16 2 1
github.com/GrammaTonic/experia-v10-exporter/internal/collector/auth.go:54.16,56.3 1 1
github.com/GrammaTonic/experia-v10-exporter/internal/collector/auth.go:57.2,62.58 2 1
github.com/GrammaTonic/experia-v10-exporter/internal/collector/auth.go:62.58,64.3 1 1
github.com/GrammaTonic/experia-v10-exporter/internal/collector/auth.go:65.2,65.33 1 1
github.com/GrammaTonic/experia-v10-exporter/internal/collector/auth.go:65.33,67.3 1 1
github.com/GrammaTonic/experia-v10-exporter/internal/collector/auth.go:68.2,68.58 1 1
github.com/GrammaTonic/experia-v10-exporter/internal/collector/collector.go:34.101,58.2 2 1
github.com/GrammaTonic/experia-v10-exporter/internal/collector/collector.go:60.68,62.16 2 1
github.com/GrammaTonic/experia-v10-exporter/internal/collector/collector.go:62.16,69.3 6 1
github.com/GrammaTonic/experia-v10-exporter/internal/collector/collector.go:72.2,72.40 1 1
github.com/GrammaTonic/experia-v10-exporter/internal/collector/collector.go:72.40,86.17 4 1
github.com/GrammaTonic/experia-v10-exporter/internal/collector/collector.go:86.17,90.4 3 1
github.com/GrammaTonic/experia-v10-exporter/internal/collector/collector.go:91.3,91.22 1 1
github.com/GrammaTonic/experia-v10-exporter/internal/collector/collector.go:95.2,113.25 4 1
github.com/GrammaTonic/experia-v10-exporter/internal/collector/collector.go:113.25,114.75 1 1
github.com/GrammaTonic/experia-v10-exporter/internal/collector/collector.go:114.75,115.33 1 1
github.com/GrammaTonic/experia-v10-exporter/internal/collector/collector.go:115.33,116.40 1 1
github.com/GrammaTonic/experia-v10-exporter/internal/collector/collector.go:116.40,117.46 1 1
github.com/GrammaTonic/experia-v10-exporter/internal/collector/collector.go:117.46,119.7 1 1
github.com/GrammaTonic/experia-v10-exporter/internal/collector/collector.go:121.10,121.31 1 1
github.com/GrammaTonic/experia-v10-exporter/internal/collector/collector.go:121.31,124.54 2 1
github.com/GrammaTonic/experia-v10-exporter/internal/collector/collector.go:124.54,126.6 1 1
github.com/GrammaTonic/experia-v10-exporter/internal/collector/collector.go:127.5,136.6 1 1
github.com/GrammaTonic/experia-v10-exporter/internal/collector/fetch.go:10.116,12.16 2 1
github.com/GrammaTonic/experia-v10-exporter/internal/collector/fetch.go:12.16,14.3 1 1
github.com/GrammaTonic/experia-v10-exporter/internal/collector/fetch.go:15.2,15.28 1 1
github.com/GrammaTonic/experia-v10-exporter/internal/collector/fetch.go:15.28,17.3 1 1
github.com/GrammaTonic/experia-v10-exporter/internal/collector/fetch.go:18.2,19.16 2 1
github.com/GrammaTonic/experia-v10-exporter/internal/collector/fetch.go:19.16,21.3 1 1
github.com/GrammaTonic/experia-v10-exporter/internal/collector/fetch.go:22.2,24.16 3 1
github.com/GrammaTonic/experia-v10-exporter/internal/collector/fetch.go:24.16,26.3 1 1
github.com/GrammaTonic/experia-v10-exporter/internal/collector/fetch.go:27.2,27.22 1 1
github.com/GrammaTonic/experia-v10-exporter/internal/collector/metrics.go:18.68,24.2 5 1
