mode: set
github.com/GrammaTonic/experia-v10-exporter/internal/collector/auth.go:13.70,25.16 4 1
github.com/GrammaTonic/experia-v10-exporter/internal/collector/auth.go:25.16,27.3 1 1
github.com/GrammaTonic/experia-v10-exporter/internal/collector/auth.go:28.2,29.16 2 1
github.com/GrammaTonic/experia-v10-exporter/internal/collector/auth.go:29.16,31.3 1 1
github.com/GrammaTonic/experia-v10-exporter/internal/collector/auth.go:32.2,42.16 9 1
github.com/GrammaTonic/experia-v10-exporter/internal/collector/auth.go:42.16,44.3 1 1
github.com/GrammaTonic/experia-v10-exporter/internal/collector/auth.go:45.2,50.37 2 1
github.com/GrammaTonic/experia-v10-exporter/internal/collector/auth.go:50.37,52.3 1 0
github.com/GrammaTonic/experia-v10-exporter/internal/collector/auth.go:53.2,55.16 3 1
github.com/GrammaTonic/experia-v10-exporter/internal/collector/auth.go:55.16,57.3 1 1
github.com/GrammaTonic/experia-v10-exporter/internal/collector/auth.go:58.2,63.58 2 1
github.com/GrammaTonic/experia-v10-exporter/internal/collector/auth.go:63.58,65.3 1 1
github.com/GrammaTonic/experia-v10-exporter/internal/collector/auth.go:66.2,66.33 1 1
github.com/GrammaTonic/experia-v10-exporter/internal/collector/auth.go:66.33,68.3 1 1
github.com/GrammaTonic/experia-v10-exporter/internal/collector/auth.go:74.2,75.21 2 1
github.com/GrammaTonic/experia-v10-exporter/internal/collector/auth.go:75.21,81.17 2 1
github.com/GrammaTonic/experia-v10-exporter/internal/collector/auth.go:81.17,90.19 9 1
github.com/GrammaTonic/experia-v10-exporter/internal/collector/auth.go:90.19,91.40 1 1
github.com/GrammaTonic/experia-v10-exporter/internal/collector/auth.go:91.40,93.6 1 0
github.com/GrammaTonic/experia-v10-exporter/internal/collector/auth.go:96.5,99.23 3 1
github.com/GrammaTonic/experia-v10-exporter/internal/collector/auth.go:101.9,103.68 1 0
github.com/GrammaTonic/experia-v10-exporter/internal/collector/auth.go:103.68,106.5 1 0
github.com/GrammaTonic/experia-v10-exporter/internal/collector/auth.go:110.2,110.58 1 1
github.com/GrammaTonic/experia-v10-exporter/internal/collector/collector.go:46.101,70.2 2 1
github.com/GrammaTonic/experia-v10-exporter/internal/collector/collector.go:76.45,78.16 2 0
github.com/GrammaTonic/experia-v10-exporter/internal/collector/collector.go:78.16,80.3 1 0
github.com/GrammaTonic/experia-v10-exporter/internal/collector/collector.go:81.2,84.12 4 0
github.com/GrammaTonic/experia-v10-exporter/internal/collector/collector.go:87.68,94.22 4 1
github.com/GrammaTonic/experia-v10-exporter/internal/collector/collector.go:94.22,97.17 2 1
github.com/GrammaTonic/experia-v10-exporter/internal/collector/collector.go:97.17,114.4 7 1
github.com/GrammaTonic/experia-v10-exporter/internal/collector/collector.go:115.3,118.17 4 1
github.com/GrammaTonic/experia-v10-exporter/internal/collector/collector.go:122.2,123.55 2 1
github.com/GrammaTonic/experia-v10-exporter/internal/collector/collector.go:123.55,124.10 1 1
github.com/GrammaTonic/experia-v10-exporter/internal/collector/collector.go:124.10,126.4 1 0
github.com/GrammaTonic/experia-v10-exporter/internal/collector/collector.go:132.2,132.40 1 1
github.com/GrammaTonic/experia-v10-exporter/internal/collector/collector.go:132.40,158.17 9 1
github.com/GrammaTonic/experia-v10-exporter/internal/collector/collector.go:158.17,162.4 3 1
github.com/GrammaTonic/experia-v10-exporter/internal/collector/collector.go:163.3,163.22 1 1
github.com/GrammaTonic/experia-v10-exporter/internal/collector/collector.go:167.2,190.25 6 1
github.com/GrammaTonic/experia-v10-exporter/internal/collector/collector.go:190.25,191.75 1 1
github.com/GrammaTonic/experia-v10-exporter/internal/collector/collector.go:191.75,192.33 1 1
github.com/GrammaTonic/experia-v10-exporter/internal/collector/collector.go:192.33,193.40 1 1
github.com/GrammaTonic/experia-v10-exporter/internal/collector/collector.go:193.40,194.46 1 1
github.com/GrammaTonic/experia-v10-exporter/internal/collector/collector.go:194.46,196.7 1 1
github.com/GrammaTonic/experia-v10-exporter/internal/collector/collector.go:200.4,201.73 2 1
github.com/GrammaTonic/experia-v10-exporter/internal/collector/collector.go:201.73,203.5 1 1
github.com/GrammaTonic/experia-v10-exporter/internal/collector/collector.go:204.4,205.23 2 1
github.com/GrammaTonic/experia-v10-exporter/internal/collector/collector.go:205.23,207.5 1 1
github.com/GrammaTonic/experia-v10-exporter/internal/collector/collector.go:208.4,218.21 2 1
github.com/GrammaTonic/experia-v10-exporter/internal/collector/collector.go:224.2,224.17 1 1
github.com/GrammaTonic/experia-v10-exporter/internal/collector/collector.go:224.17,231.3 1 1
github.com/GrammaTonic/experia-v10-exporter/internal/collector/collector.go:240.2,241.65 2 1
github.com/GrammaTonic/experia-v10-exporter/internal/collector/collector.go:241.65,243.45 2 0
github.com/GrammaTonic/experia-v10-exporter/internal/collector/collector.go:243.45,245.16 2 0
github.com/GrammaTonic/experia-v10-exporter/internal/collector/collector.go:245.16,247.5 1 0
github.com/GrammaTonic/experia-v10-exporter/internal/collector/collector.go:259.2,259.36 1 1
github.com/GrammaTonic/experia-v10-exporter/internal/collector/collector.go:259.36,267.17 6 1
github.com/GrammaTonic/experia-v10-exporter/internal/collector/collector.go:267.17,277.12 7 1
github.com/GrammaTonic/experia-v10-exporter/internal/collector/collector.go:279.3,280.58 2 1
github.com/GrammaTonic/experia-v10-exporter/internal/collector/collector.go:280.58,281.12 1 0
github.com/GrammaTonic/experia-v10-exporter/internal/collector/collector.go:284.3,285.54 2 1
github.com/GrammaTonic/experia-v10-exporter/internal/collector/collector.go:285.54,286.16 1 1
github.com/GrammaTonic/experia-v10-exporter/internal/collector/collector.go:286.16,288.5 1 0
github.com/GrammaTonic/experia-v10-exporter/internal/collector/collector.go:289.4,289.30 1 1
github.com/GrammaTonic/experia-v10-exporter/internal/collector/collector.go:289.30,291.5 1 1
github.com/GrammaTonic/experia-v10-exporter/internal/collector/collector.go:292.4,292.32 1 1
github.com/GrammaTonic/experia-v10-exporter/internal/collector/collector.go:292.32,294.5 1 0
github.com/GrammaTonic/experia-v10-exporter/internal/collector/collector.go:295.4,295.24 1 1
github.com/GrammaTonic/experia-v10-exporter/internal/collector/collector.go:295.24,296.44 1 1
github.com/GrammaTonic/experia-v10-exporter/internal/collector/collector.go:296.44,297.50 1 1
github.com/GrammaTonic/experia-v10-exporter/internal/collector/collector.go:297.50,299.7 1 1
github.com/GrammaTonic/experia-v10-exporter/internal/collector/collector.go:302.4,302.14 1 1
github.com/GrammaTonic/experia-v10-exporter/internal/collector/collector.go:305.3,306.37 2 1
github.com/GrammaTonic/experia-v10-exporter/internal/collector/collector.go:306.37,308.4 1 1
github.com/GrammaTonic/experia-v10-exporter/internal/collector/collector.go:308.9,308.56 1 1
github.com/GrammaTonic/experia-v10-exporter/internal/collector/collector.go:308.56,309.41 1 1
github.com/GrammaTonic/experia-v10-exporter/internal/collector/collector.go:309.41,311.5 1 0
github.com/GrammaTonic/experia-v10-exporter/internal/collector/collector.go:313.3,313.15 1 1
github.com/GrammaTonic/experia-v10-exporter/internal/collector/collector.go:313.15,314.51 1 1
github.com/GrammaTonic/experia-v10-exporter/internal/collector/collector.go:314.51,315.41 1 0
github.com/GrammaTonic/experia-v10-exporter/internal/collector/collector.go:315.41,317.6 1 0
github.com/GrammaTonic/experia-v10-exporter/internal/collector/collector.go:317.11,319.6 1 0
github.com/GrammaTonic/experia-v10-exporter/internal/collector/collector.go:322.3,322.15 1 1
github.com/GrammaTonic/experia-v10-exporter/internal/collector/collector.go:322.15,323.12 1 1
github.com/GrammaTonic/experia-v10-exporter/internal/collector/collector.go:331.3,336.46 2 1
github.com/GrammaTonic/experia-v10-exporter/internal/collector/collector.go:336.46,337.46 1 1
github.com/GrammaTonic/experia-v10-exporter/internal/collector/collector.go:337.46,339.5 1 1
github.com/GrammaTonic/experia-v10-exporter/internal/collector/collector.go:339.10,339.70 1 1
github.com/GrammaTonic/experia-v10-exporter/internal/collector/collector.go:339.70,341.5 1 1
github.com/GrammaTonic/experia-v10-exporter/internal/collector/collector.go:341.10,342.25 1 1
github.com/GrammaTonic/experia-v10-exporter/internal/collector/collector.go:342.25,343.42 1 1
github.com/GrammaTonic/experia-v10-exporter/internal/collector/collector.go:343.42,345.12 2 1
github.com/GrammaTonic/experia-v10-exporter/internal/collector/collector.go:350.3,350.22 1 1
github.com/GrammaTonic/experia-v10-exporter/internal/collector/collector.go:350.22,351.50 1 0
github.com/GrammaTonic/experia-v10-exporter/internal/collector/collector.go:351.50,352.48 1 0
github.com/GrammaTonic/experia-v10-exporter/internal/collector/collector.go:352.48,354.6 1 0
github.com/GrammaTonic/experia-v10-exporter/internal/collector/collector.go:354.11,354.72 1 0
github.com/GrammaTonic/experia-v10-exporter/internal/collector/collector.go:354.72,356.6 1 0
github.com/GrammaTonic/experia-v10-exporter/internal/collector/collector.go:356.11,357.27 1 0
github.com/GrammaTonic/experia-v10-exporter/internal/collector/collector.go:357.27,358.43 1 0
github.com/GrammaTonic/experia-v10-exporter/internal/collector/collector.go:358.43,360.13 2 0
github.com/GrammaTonic/experia-v10-exporter/internal/collector/collector.go:370.3,371.49 2 1
github.com/GrammaTonic/experia-v10-exporter/internal/collector/collector.go:371.49,372.47 1 1
github.com/GrammaTonic/experia-v10-exporter/internal/collector/collector.go:372.47,374.5 1 1
github.com/GrammaTonic/experia-v10-exporter/internal/collector/collector.go:374.10,374.71 1 1
github.com/GrammaTonic/experia-v10-exporter/internal/collector/collector.go:374.71,376.5 1 1
github.com/GrammaTonic/experia-v10-exporter/internal/collector/collector.go:376.10,377.26 1 1
github.com/GrammaTonic/experia-v10-exporter/internal/collector/collector.go:377.26,378.42 1 1
github.com/GrammaTonic/experia-v10-exporter/internal/collector/collector.go:378.42,380.12 2 1
github.com/GrammaTonic/experia-v10-exporter/internal/collector/collector.go:388.3,389.30 2 1
github.com/GrammaTonic/experia-v10-exporter/internal/collector/collector.go:389.30,391.4 1 1
github.com/GrammaTonic/experia-v10-exporter/internal/collector/collector.go:392.3,392.30 1 1
github.com/GrammaTonic/experia-v10-exporter/internal/collector/collector.go:392.30,394.4 1 1
github.com/GrammaTonic/experia-v10-exporter/internal/collector/collector.go:397.3,397.42 1 1
github.com/GrammaTonic/experia-v10-exporter/internal/collector/collector.go:397.42,398.45 1 1
github.com/GrammaTonic/experia-v10-exporter/internal/collector/collector.go:398.45,399.32 1 1
github.com/GrammaTonic/experia-v10-exporter/internal/collector/collector.go:399.32,401.6 1 1
github.com/GrammaTonic/experia-v10-exporter/internal/collector/collector.go:403.4,403.23 1 0
github.com/GrammaTonic/experia-v10-exporter/internal/collector/collector.go:405.3,405.46 1 1
github.com/GrammaTonic/experia-v10-exporter/internal/collector/collector.go:405.46,406.45 1 1
github.com/GrammaTonic/experia-v10-exporter/internal/collector/collector.go:406.45,407.34 1 1
github.com/GrammaTonic/experia-v10-exporter/internal/collector/collector.go:407.34,409.6 1 1
github.com/GrammaTonic/experia-v10-exporter/internal/collector/collector.go:411.4,411.20 1 1
github.com/GrammaTonic/experia-v10-exporter/internal/collector/collector.go:413.3,413.46 1 1
github.com/GrammaTonic/experia-v10-exporter/internal/collector/collector.go:413.46,414.45 1 1
github.com/GrammaTonic/experia-v10-exporter/internal/collector/collector.go:414.45,415.27 1 1
github.com/GrammaTonic/experia-v10-exporter/internal/collector/collector.go:416.18,417.21 1 1
github.com/GrammaTonic/experia-v10-exporter/internal/collector/collector.go:418.14,419.30 1 0
github.com/GrammaTonic/experia-v10-exporter/internal/collector/collector.go:422.4,422.19 1 1
github.com/GrammaTonic/experia-v10-exporter/internal/collector/collector.go:426.3,427.42 2 1
github.com/GrammaTonic/experia-v10-exporter/internal/collector/collector.go:427.42,429.4 1 1
github.com/GrammaTonic/experia-v10-exporter/internal/collector/collector.go:430.3,430.80 1 1
github.com/GrammaTonic/experia-v10-exporter/internal/collector/collector.go:430.80,432.4 1 1
github.com/GrammaTonic/experia-v10-exporter/internal/collector/collector.go:433.3,434.47 2 1
github.com/GrammaTonic/experia-v10-exporter/internal/collector/collector.go:434.47,436.4 1 1
github.com/GrammaTonic/experia-v10-exporter/internal/collector/collector.go:436.9,436.48 1 1
github.com/GrammaTonic/experia-v10-exporter/internal/collector/collector.go:436.48,438.4 1 1
github.com/GrammaTonic/experia-v10-exporter/internal/collector/collector.go:439.3,440.35 2 1
github.com/GrammaTonic/experia-v10-exporter/internal/collector/collector.go:440.35,442.4 1 1
github.com/GrammaTonic/experia-v10-exporter/internal/collector/collector.go:443.3,444.42 2 1
github.com/GrammaTonic/experia-v10-exporter/internal/collector/collector.go:444.42,446.4 1 1
github.com/GrammaTonic/experia-v10-exporter/internal/collector/collector.go:447.3,448.46 2 1
github.com/GrammaTonic/experia-v10-exporter/internal/collector/collector.go:448.46,450.4 1 1
github.com/GrammaTonic/experia-v10-exporter/internal/collector/collector.go:450.9,450.57 1 1
github.com/GrammaTonic/experia-v10-exporter/internal/collector/collector.go:450.57,452.4 1 0
github.com/GrammaTonic/experia-v10-exporter/internal/collector/collector.go:453.3,454.46 2 1
github.com/GrammaTonic/experia-v10-exporter/internal/collector/collector.go:454.46,456.4 1 1
github.com/GrammaTonic/experia-v10-exporter/internal/collector/collector.go:457.3,458.45 2 1
github.com/GrammaTonic/experia-v10-exporter/internal/collector/collector.go:458.45,460.4 1 1
github.com/GrammaTonic/experia-v10-exporter/internal/collector/collector.go:461.3,462.46 2 1
github.com/GrammaTonic/experia-v10-exporter/internal/collector/collector.go:462.46,464.4 1 1
github.com/GrammaTonic/experia-v10-exporter/internal/collector/collector.go:467.3,468.48 2 1
github.com/GrammaTonic/experia-v10-exporter/internal/collector/collector.go:468.48,469.44 1 1
github.com/GrammaTonic/experia-v10-exporter/internal/collector/collector.go:469.44,471.5 1 0
github.com/GrammaTonic/experia-v10-exporter/internal/collector/collector.go:475.3,490.22 12 1
github.com/GrammaTonic/experia-v10-exporter/internal/collector/collector.go:490.22,514.12 22 0
github.com/GrammaTonic/experia-v10-exporter/internal/collector/collector.go:516.3,517.64 2 1
github.com/GrammaTonic/experia-v10-exporter/internal/collector/collector.go:517.64,520.48 2 1
github.com/GrammaTonic/experia-v10-exporter/internal/collector/collector.go:520.48,522.5 1 1
github.com/GrammaTonic/experia-v10-exporter/internal/collector/collector.go:522.10,522.59 1 1
github.com/GrammaTonic/experia-v10-exporter/internal/collector/collector.go:522.59,524.5 1 0
github.com/GrammaTonic/experia-v10-exporter/internal/collector/collector.go:524.10,527.5 1 1
github.com/GrammaTonic/experia-v10-exporter/internal/collector/collector.go:529.4,529.45 1 1
github.com/GrammaTonic/experia-v10-exporter/internal/collector/collector.go:529.45,530.20 1 1
github.com/GrammaTonic/experia-v10-exporter/internal/collector/collector.go:530.20,532.6 1 0
github.com/GrammaTonic/experia-v10-exporter/internal/collector/collector.go:533.5,533.29 1 1
github.com/GrammaTonic/experia-v10-exporter/internal/collector/collector.go:533.29,534.28 1 1
github.com/GrammaTonic/experia-v10-exporter/internal/collector/collector.go:535.19,536.22 1 1
github.com/GrammaTonic/experia-v10-exporter/internal/collector/collector.go:537.15,538.31 1 0
github.com/GrammaTonic/experia-v10-exporter/internal/collector/collector.go:539.18,540.19 1 0
github.com/GrammaTonic/experia-v10-exporter/internal/collector/collector.go:540.19,542.8 1 0
github.com/GrammaTonic/experia-v10-exporter/internal/collector/collector.go:543.7,543.59 1 0
github.com/GrammaTonic/experia-v10-exporter/internal/collector/collector.go:543.59,545.8 1 0
github.com/GrammaTonic/experia-v10-exporter/internal/collector/collector.go:549.5,549.46 1 1
github.com/GrammaTonic/experia-v10-exporter/internal/collector/collector.go:549.46,550.28 1 0
github.com/GrammaTonic/experia-v10-exporter/internal/collector/collector.go:551.19,552.22 1 0
github.com/GrammaTonic/experia-v10-exporter/internal/collector/collector.go:553.15,554.31 1 0
github.com/GrammaTonic/experia-v10-exporter/internal/collector/collector.go:555.18,556.19 1 0
github.com/GrammaTonic/experia-v10-exporter/internal/collector/collector.go:556.19,558.8 1 0
github.com/GrammaTonic/experia-v10-exporter/internal/collector/collector.go:559.7,559.59 1 0
github.com/GrammaTonic/experia-v10-exporter/internal/collector/collector.go:559.59,561.8 1 0
github.com/GrammaTonic/experia-v10-exporter/internal/collector/collector.go:564.5,564.20 1 1
github.com/GrammaTonic/experia-v10-exporter/internal/collector/collector.go:568.4,568.40 1 1
github.com/GrammaTonic/experia-v10-exporter/internal/collector/collector.go:568.40,570.5 1 1
github.com/GrammaTonic/experia-v10-exporter/internal/collector/collector.go:570.10,572.5 1 1
github.com/GrammaTonic/experia-v10-exporter/internal/collector/collector.go:573.4,573.40 1 1
github.com/GrammaTonic/experia-v10-exporter/internal/collector/collector.go:573.40,575.5 1 1
github.com/GrammaTonic/experia-v10-exporter/internal/collector/collector.go:575.10,577.5 1 1
github.com/GrammaTonic/experia-v10-exporter/internal/collector/collector.go:578.4,578.38 1 1
github.com/GrammaTonic/experia-v10-exporter/internal/collector/collector.go:578.38,580.5 1 1
github.com/GrammaTonic/experia-v10-exporter/internal/collector/collector.go:580.10,582.5 1 1
github.com/GrammaTonic/experia-v10-exporter/internal/collector/collector.go:583.4,583.38 1 1
github.com/GrammaTonic/experia-v10-exporter/internal/collector/collector.go:583.38,585.5 1 1
github.com/GrammaTonic/experia-v10-exporter/internal/collector/collector.go:585.10,587.5 1 1
github.com/GrammaTonic/experia-v10-exporter/internal/collector/collector.go:588.4,588.39 1 1
github.com/GrammaTonic/experia-v10-exporter/internal/collector/collector.go:588.39,590.5 1 1
github.com/GrammaTonic/experia-v10-exporter/internal/collector/collector.go:590.10,592.5 1 1
github.com/GrammaTonic/experia-v10-exporter/internal/collector/collector.go:593.4,593.39 1 1
github.com/GrammaTonic/experia-v10-exporter/internal/collector/collector.go:593.39,595.5 1 1
github.com/GrammaTonic/experia-v10-exporter/internal/collector/collector.go:595.10,597.5 1 1
github.com/GrammaTonic/experia-v10-exporter/internal/collector/collector.go:598.4,598.40 1 1
github.com/GrammaTonic/experia-v10-exporter/internal/collector/collector.go:598.40,600.5 1 1
github.com/GrammaTonic/experia-v10-exporter/internal/collector/collector.go:600.10,602.5 1 1
github.com/GrammaTonic/experia-v10-exporter/internal/collector/collector.go:603.4,603.40 1 1
github.com/GrammaTonic/experia-v10-exporter/internal/collector/collector.go:603.40,605.5 1 1
github.com/GrammaTonic/experia-v10-exporter/internal/collector/collector.go:605.10,607.5 1 1
github.com/GrammaTonic/experia-v10-exporter/internal/collector/collector.go:608.4,608.40 1 1
github.com/GrammaTonic/experia-v10-exporter/internal/collector/collector.go:608.40,610.5 1 1
github.com/GrammaTonic/experia-v10-exporter/internal/collector/collector.go:610.10,612.5 1 1
github.com/GrammaTonic/experia-v10-exporter/internal/collector/collector.go:613.4,613.41 1 1
github.com/GrammaTonic/experia-v10-exporter/internal/collector/collector.go:613.41,615.5 1 1
github.com/GrammaTonic/experia-v10-exporter/internal/collector/collector.go:615.10,617.5 1 1
github.com/GrammaTonic/experia-v10-exporter/internal/collector/collector.go:618.4,618.45 1 1
github.com/GrammaTonic/experia-v10-exporter/internal/collector/collector.go:618.45,620.5 1 1
github.com/GrammaTonic/experia-v10-exporter/internal/collector/collector.go:620.10,622.5 1 1
github.com/GrammaTonic/experia-v10-exporter/internal/collector/collector.go:623.4,623.43 1 1
github.com/GrammaTonic/experia-v10-exporter/internal/collector/collector.go:623.43,625.5 1 1
github.com/GrammaTonic/experia-v10-exporter/internal/collector/collector.go:625.10,627.5 1 1
github.com/GrammaTonic/experia-v10-exporter/internal/collector/collector.go:628.4,628.42 1 1
github.com/GrammaTonic/experia-v10-exporter/internal/collector/collector.go:628.42,630.5 1 1
github.com/GrammaTonic/experia-v10-exporter/internal/collector/collector.go:630.10,632.5 1 1
github.com/GrammaTonic/experia-v10-exporter/internal/collector/collector.go:633.4,633.44 1 1
github.com/GrammaTonic/experia-v10-exporter/internal/collector/collector.go:633.44,635.5 1 1
github.com/GrammaTonic/experia-v10-exporter/internal/collector/collector.go:635.10,637.5 1 1
github.com/GrammaTonic/experia-v10-exporter/internal/collector/collector.go:638.4,638.43 1 1
github.com/GrammaTonic/experia-v10-exporter/internal/collector/collector.go:638.43,640.5 1 1
github.com/GrammaTonic/experia-v10-exporter/internal/collector/collector.go:640.10,642.5 1 1
github.com/GrammaTonic/experia-v10-exporter/internal/collector/collector.go:643.4,643.45 1 1
github.com/GrammaTonic/experia-v10-exporter/internal/collector/collector.go:643.45,645.5 1 1
github.com/GrammaTonic/experia-v10-exporter/internal/collector/collector.go:645.10,647.5 1 1
github.com/GrammaTonic/experia-v10-exporter/internal/collector/collector.go:648.4,648.46 1 1
github.com/GrammaTonic/experia-v10-exporter/internal/collector/collector.go:648.46,650.5 1 1
github.com/GrammaTonic/experia-v10-exporter/internal/collector/collector.go:650.10,652.5 1 1
github.com/GrammaTonic/experia-v10-exporter/internal/collector/collector.go:653.4,653.46 1 1
github.com/GrammaTonic/experia-v10-exporter/internal/collector/collector.go:653.46,655.5 1 1
github.com/GrammaTonic/experia-v10-exporter/internal/collector/collector.go:655.10,657.5 1 1
github.com/GrammaTonic/experia-v10-exporter/internal/collector/collector.go:658.4,658.43 1 1
github.com/GrammaTonic/experia-v10-exporter/internal/collector/collector.go:658.43,660.5 1 1
github.com/GrammaTonic/experia-v10-exporter/internal/collector/collector.go:660.10,662.5 1 1
github.com/GrammaTonic/experia-v10-exporter/internal/collector/collector.go:663.4,663.48 1 1
github.com/GrammaTonic/experia-v10-exporter/internal/collector/collector.go:663.48,665.5 1 1
github.com/GrammaTonic/experia-v10-exporter/internal/collector/collector.go:665.10,667.5 1 1
github.com/GrammaTonic/experia-v10-exporter/internal/collector/collector.go:668.4,668.45 1 1
github.com/GrammaTonic/experia-v10-exporter/internal/collector/collector.go:668.45,670.5 1 1
github.com/GrammaTonic/experia-v10-exporter/internal/collector/collector.go:670.10,672.5 1 1
github.com/GrammaTonic/experia-v10-exporter/internal/collector/collector.go:681.77,682.56 1 0
github.com/GrammaTonic/experia-v10-exporter/internal/collector/collector.go:682.56,684.3 1 0
github.com/GrammaTonic/experia-v10-exporter/internal/collector/collector.go:685.2,686.16 2 0
github.com/GrammaTonic/experia-v10-exporter/internal/collector/collector.go:686.16,688.3 1 0
github.com/GrammaTonic/experia-v10-exporter/internal/collector/collector.go:689.2,689.32 1 0
github.com/GrammaTonic/experia-v10-exporter/internal/collector/collector.go:694.53,698.2 3 0
github.com/GrammaTonic/experia-v10-exporter/internal/collector/cookie_helper.go:15.107,16.31 1 1
github.com/GrammaTonic/experia-v10-exporter/internal/collector/cookie_helper.go:16.31,18.3 1 1
github.com/GrammaTonic/experia-v10-exporter/internal/collector/cookie_helper.go:19.2,20.52 2 1
github.com/GrammaTonic/experia-v10-exporter/internal/collector/cookie_helper.go:20.52,22.3 1 1
github.com/GrammaTonic/experia-v10-exporter/internal/collector/cookie_helper.go:22.8,24.3 1 1
github.com/GrammaTonic/experia-v10-exporter/internal/collector/cookie_helper.go:25.2,25.14 1 1
github.com/GrammaTonic/experia-v10-exporter/internal/collector/cookie_helper.go:25.14,27.3 1 1
github.com/GrammaTonic/experia-v10-exporter/internal/collector/cookie_helper.go:29.2,30.23 2 1
github.com/GrammaTonic/experia-v10-exporter/internal/collector/cookie_helper.go:30.23,32.48 1 1
github.com/GrammaTonic/experia-v10-exporter/internal/collector/cookie_helper.go:32.48,35.23 2 0
github.com/GrammaTonic/experia-v10-exporter/internal/collector/cookie_helper.go:35.23,36.13 1 0
github.com/GrammaTonic/experia-v10-exporter/internal/collector/cookie_helper.go:38.4,39.16 2 0
github.com/GrammaTonic/experia-v10-exporter/internal/collector/cookie_helper.go:39.16,40.13 1 0
github.com/GrammaTonic/experia-v10-exporter/internal/collector/cookie_helper.go:42.4,43.15 2 0
github.com/GrammaTonic/experia-v10-exporter/internal/collector/cookie_helper.go:43.15,44.13 1 0
github.com/GrammaTonic/experia-v10-exporter/internal/collector/cookie_helper.go:46.4,48.78 3 0
github.com/GrammaTonic/experia-v10-exporter/internal/collector/cookie_helper.go:52.2,52.22 1 1
github.com/GrammaTonic/experia-v10-exporter/internal/collector/cookie_helper.go:52.22,54.3 1 1
github.com/GrammaTonic/experia-v10-exporter/internal/collector/fetch.go:15.137,17.16 2 1
github.com/GrammaTonic/experia-v10-exporter/internal/collector/fetch.go:17.16,19.3 1 1
github.com/GrammaTonic/experia-v10-exporter/internal/collector/fetch.go:20.2,20.28 1 1
github.com/GrammaTonic/experia-v10-exporter/internal/collector/fetch.go:20.28,22.3 1 1
github.com/GrammaTonic/experia-v10-exporter/internal/collector/fetch.go:23.2,24.16 2 1
github.com/GrammaTonic/experia-v10-exporter/internal/collector/fetch.go:24.16,26.3 1 1
github.com/GrammaTonic/experia-v10-exporter/internal/collector/fetch.go:27.2,29.16 3 1
github.com/GrammaTonic/experia-v10-exporter/internal/collector/fetch.go:29.16,31.3 1 1
github.com/GrammaTonic/experia-v10-exporter/internal/collector/fetch.go:33.2,33.53 1 1
github.com/GrammaTonic/experia-v10-exporter/internal/collector/fetch.go:33.53,35.3 1 0
github.com/GrammaTonic/experia-v10-exporter/internal/collector/fetch.go:36.2,36.22 1 1
github.com/GrammaTonic/experia-v10-exporter/internal/collector/metrics.go:97.68,133.2 33 1
github.com/GrammaTonic/experia-v10-exporter/cmd/print-cookiejar/main.go:12.13,14.15 2 0
github.com/GrammaTonic/experia-v10-exporter/cmd/print-cookiejar/main.go:14.15,17.3 2 0
github.com/GrammaTonic/experia-v10-exporter/cmd/print-cookiejar/main.go:18.2,21.34 4 0
github.com/GrammaTonic/experia-v10-exporter/cmd/print-cookiejar/main.go:21.34,24.3 2 0
github.com/GrammaTonic/experia-v10-exporter/cmd/print-cookiejar/main.go:25.2,31.53 5 0
github.com/GrammaTonic/experia-v10-exporter/cmd/print-cookiejar/main.go:31.53,33.3 1 0
github.com/GrammaTonic/experia-v10-exporter/cmd/print-cookiejar/main.go:34.2,38.31 4 0
github.com/GrammaTonic/experia-v10-exporter/cmd/print-cookiejar/main.go:38.31,41.30 3 0
github.com/GrammaTonic/experia-v10-exporter/cmd/print-cookiejar/main.go:41.30,44.4 1 0
github.com/GrammaTonic/experia-v10-exporter/cmd/experia-v10-exporter/exitonerror_prod.go:8.35,9.16 1 1
github.com/GrammaTonic/experia-v10-exporter/cmd/experia-v10-exporter/exitonerror_prod.go:9.16,10.48 1 1
github.com/GrammaTonic/experia-v10-exporter/cmd/experia-v10-exporter/exitonerror_prod.go:10.48,13.4 2 1
github.com/GrammaTonic/experia-v10-exporter/cmd/experia-v10-exporter/exitonerror_prod.go:14.3,14.17 1 0
github.com/GrammaTonic/experia-v10-exporter/cmd/experia-v10-exporter/main.go:18.62,21.16 3 1
github.com/GrammaTonic/experia-v10-exporter/cmd/experia-v10-exporter/main.go:21.16,23.3 1 1
github.com/GrammaTonic/experia-v10-exporter/cmd/experia-v10-exporter/main.go:24.2,25.15 2 1
github.com/GrammaTonic/experia-v10-exporter/cmd/experia-v10-exporter/main.go:25.15,27.3 1 1
github.com/GrammaTonic/experia-v10-exporter/cmd/experia-v10-exporter/main.go:28.2,36.36 4 1
github.com/GrammaTonic/experia-v10-exporter/cmd/experia-v10-exporter/main.go:36.36,40.3 1 1
github.com/GrammaTonic/experia-v10-exporter/cmd/experia-v10-exporter/main.go:41.2,41.49 1 1
github.com/GrammaTonic/experia-v10-exporter/cmd/experia-v10-exporter/main.go:41.49,43.3 1 1
github.com/GrammaTonic/experia-v10-exporter/cmd/experia-v10-exporter/main.go:45.2,48.29 3 1
github.com/GrammaTonic/experia-v10-exporter/cmd/experia-v10-exporter/main.go:51.13,52.34 1 1
github.com/GrammaTonic/experia-v10-exporter/cmd/experia-v10-exporter/main.go:52.34,55.3 2 1
github.com/GrammaTonic/experia-v10-exporter/cmd/experia-v10-exporter/main.go:59.22,61.16 2 1
github.com/GrammaTonic/experia-v10-exporter/cmd/experia-v10-exporter/main.go:61.16,63.3 1 1
github.com/GrammaTonic/experia-v10-exporter/cmd/experia-v10-exporter/main.go:64.2,65.56 2 1
github.com/GrammaTonic/experia-v10-exporter/cmd/experia-v10-exporter/main.go:65.56,67.3 1 1
github.com/GrammaTonic/experia-v10-exporter/cmd/experia-v10-exporter/main.go:68.2,68.12 1 1
